2024-09-02 13:24:49,791 [Worker-2: Loading available Gradle versions] INFO  o.e.b.c.i.u.g.PublishedGradleVersions - Gradle version information cache is up-to-date. Trying to read.
2024-09-02 13:25:16,875 [Worker-2: Update Maven projects configuration] INFO  o.e.m.c.i.p.ProjectConfigurationManager - Update started
2024-09-02 13:25:19,047 [Worker-2: Update Maven projects configuration] INFO  o.e.m.c.i.l.LifecycleMappingFactory - Using org.eclipse.m2e.jdt.JarLifecycleMapping lifecycle mapping for MavenProject: com.example:eurekaserverapp:0.0.1-SNAPSHOT @ C:\Users\saiva\Desktop\Product-retail-management-main\eurekaserverapp\eurekaserverapp\pom.xml.
2024-09-02 13:25:20,940 [Worker-2: Update Maven projects configuration] INFO  o.e.m.j.i.AbstractJavaProjectConfigurator - Adding source folder /eurekaserverapp/src/main/java
2024-09-02 13:25:20,944 [Worker-2: Update Maven projects configuration] INFO  o.e.m.j.i.AbstractJavaProjectConfigurator - Adding resource folder /eurekaserverapp/src/main/resources
2024-09-02 13:25:21,603 [Worker-2: Update Maven projects configuration] INFO  o.e.m.j.i.AbstractJavaProjectConfigurator - Adding resource folder /eurekaserverapp/src/main/resources
2024-09-02 13:25:21,745 [Worker-2: Update Maven projects configuration] INFO  o.e.m.j.i.AbstractJavaProjectConfigurator - Adding source folder /eurekaserverapp/src/test/java
2024-09-02 13:25:22,235 [Worker-7: Building] INFO  o.e.m.c.i.l.LifecycleMappingFactory - Using org.eclipse.m2e.jdt.JarLifecycleMapping lifecycle mapping for MavenProject: com.project:apigatewayapp:0.0.1-SNAPSHOT @ C:\Users\saiva\Desktop\Product-retail-management-main\apigatewayapp\apigatewayapp\pom.xml.
2024-09-02 13:25:23,626 [Worker-7: Building] INFO  o.a.m.s.f.DefaultMavenResourcesFiltering - Copying 1 resource from src\main\resources to target\classes
2024-09-02 13:25:23,653 [Worker-7: Building] INFO  o.a.m.s.f.DefaultMavenResourcesFiltering - Copying 0 resource from src\main\resources to target\classes
2024-09-02 13:25:23,659 [Worker-7: Building] INFO  o.a.m.s.f.DefaultMavenResourcesFiltering - skip non existing resourceDirectory C:\Users\saiva\Desktop\Product-retail-management-main\apigatewayapp\apigatewayapp\src\test\resources
2024-09-02 13:25:24,137 [Worker-7: Building] INFO  o.e.m.c.i.l.LifecycleMappingFactory - Using org.eclipse.m2e.jdt.JarLifecycleMapping lifecycle mapping for MavenProject: com.customerms:customer-micro:0.0.1-SNAPSHOT @ C:\Users\saiva\Desktop\Product-retail-management-main\customer-micro\customer-micro\pom.xml.
2024-09-02 13:25:24,842 [Worker-7: Building] WARN  o.e.m.c.i.embedder.EclipseLogger - The POM for com.productms:product-micro:jar:0.0.1-SNAPSHOT is missing, no dependency information available
2024-09-02 13:25:25,242 [Worker-7: Building] INFO  o.a.m.s.f.DefaultMavenResourcesFiltering - Copying 1 resource from src\main\resources to target\classes
2024-09-02 13:25:25,259 [Worker-7: Building] INFO  o.a.m.s.f.DefaultMavenResourcesFiltering - Copying 0 resource from src\main\resources to target\classes
2024-09-02 13:25:25,264 [Worker-7: Building] INFO  o.a.m.s.f.DefaultMavenResourcesFiltering - skip non existing resourceDirectory C:\Users\saiva\Desktop\Product-retail-management-main\customer-micro\customer-micro\src\test\resources
2024-09-02 13:25:25,642 [Worker-7: Building] INFO  o.a.m.s.f.DefaultMavenResourcesFiltering - Copying 1 resource from src\main\resources to target\classes
2024-09-02 13:25:25,647 [Worker-7: Building] INFO  o.a.m.s.f.DefaultMavenResourcesFiltering - Copying 0 resource from src\main\resources to target\classes
2024-09-02 13:25:25,651 [Worker-7: Building] INFO  o.a.m.s.f.DefaultMavenResourcesFiltering - skip non existing resourceDirectory C:\Users\saiva\Desktop\Product-retail-management-main\eurekaserverapp\eurekaserverapp\src\test\resources
2024-09-02 13:25:26,069 [Worker-7: Building] INFO  o.e.m.c.i.l.LifecycleMappingFactory - Using org.eclipse.m2e.jdt.JarLifecycleMapping lifecycle mapping for MavenProject: com.productms:product-micro:0.0.1-SNAPSHOT @ C:\Users\saiva\Desktop\Product-retail-management-main\product-micro\product-micro\pom.xml.
2024-09-02 13:25:27,163 [Worker-7: Building] INFO  o.e.m.c.i.l.LifecycleMappingFactory - Using org.eclipse.m2e.jdt.JarLifecycleMapping lifecycle mapping for MavenProject: com.customerms:customer-micro:0.0.1-SNAPSHOT @ C:\Users\saiva\Desktop\Product-retail-management-main\customer-micro\customer-micro\pom.xml.
2024-09-02 13:25:27,293 [Worker-7: Building] INFO  o.e.m.c.i.p.WorkspaceClassifierResolverManager - Resolving P/product-micro: com.productms:product-micro:0.0.1-SNAPSHOT with classifier  to /product-micro/target/classes
2024-09-02 13:25:27,864 [Worker-7: Building] INFO  o.a.m.s.f.DefaultMavenResourcesFiltering - Copying 1 resource from src\main\resources to target\classes
2024-09-02 13:25:27,869 [Worker-7: Building] INFO  o.a.m.s.f.DefaultMavenResourcesFiltering - Copying 0 resource from src\main\resources to target\classes
2024-09-02 13:25:27,873 [Worker-7: Building] INFO  o.a.m.s.f.DefaultMavenResourcesFiltering - skip non existing resourceDirectory C:\Users\saiva\Desktop\Product-retail-management-main\product-micro\product-micro\src\test\resources
2024-09-02 13:25:28,388 [Worker-11: Updating Maven Dependencies] INFO  o.e.m.c.i.l.LifecycleMappingFactory - Using org.eclipse.m2e.jdt.JarLifecycleMapping lifecycle mapping for MavenProject: com.customerms:customer-micro:0.0.1-SNAPSHOT @ C:\Users\saiva\Desktop\Product-retail-management-main\customer-micro\customer-micro\pom.xml.
2024-09-02 13:25:28,876 [Worker-2: Update Maven projects configuration] INFO  o.e.m.c.i.p.ProjectConfigurationManager - Update completed: 12 sec
2024-09-02 13:25:28,878 [Worker-2: Update Maven projects configuration] INFO  o.e.m.c.i.p.ProjectConfigurationManager - Update started
2024-09-02 13:25:28,953 [Worker-11: Updating Maven Dependencies] INFO  o.e.m.c.i.p.WorkspaceClassifierResolverManager - Resolving P/product-micro: com.productms:product-micro:0.0.1-SNAPSHOT with classifier  to /product-micro/target/classes
2024-09-02 13:25:29,963 [Worker-2: Update Maven projects configuration] INFO  o.e.m.c.i.l.LifecycleMappingFactory - Using org.eclipse.m2e.jdt.JarLifecycleMapping lifecycle mapping for MavenProject: com.customerms:customer-micro:0.0.1-SNAPSHOT @ C:\Users\saiva\Desktop\Product-retail-management-main\customer-micro\customer-micro\pom.xml.
2024-09-02 13:25:30,356 [Worker-8: Download sources and javadoc] INFO  o.e.m.c.i.e.AbstractTransferListenerAdapter - Downloading https://repo.maven.apache.org/maven2/org/springframework/cloud/spring-cloud-starter-gateway/4.1.5/spring-cloud-starter-gateway-4.1.5-javadoc.jar
2024-09-02 13:25:30,454 [Worker-2: Update Maven projects configuration] INFO  o.e.m.c.i.p.WorkspaceClassifierResolverManager - Resolving P/product-micro: com.productms:product-micro:0.0.1-SNAPSHOT with classifier  to /product-micro/target/classes
2024-09-02 13:25:30,517 [Worker-2: Update Maven projects configuration] INFO  o.e.m.c.i.l.LifecycleMappingFactory - Using org.eclipse.m2e.jdt.JarLifecycleMapping lifecycle mapping for MavenProject: com.productms:product-micro:0.0.1-SNAPSHOT @ C:\Users\saiva\Desktop\Product-retail-management-main\product-micro\product-micro\pom.xml.
2024-09-02 13:25:30,781 [Worker-2: Update Maven projects configuration] INFO  o.e.m.c.i.l.LifecycleMappingFactory - Using org.eclipse.m2e.jdt.JarLifecycleMapping lifecycle mapping for MavenProject: com.project:apigatewayapp:0.0.1-SNAPSHOT @ C:\Users\saiva\Desktop\Product-retail-management-main\apigatewayapp\apigatewayapp\pom.xml.
2024-09-02 13:25:31,126 [Worker-2: Update Maven projects configuration] INFO  o.e.m.c.i.l.LifecycleMappingFactory - Using org.eclipse.m2e.jdt.JarLifecycleMapping lifecycle mapping for MavenProject: com.example:eurekaserverapp:0.0.1-SNAPSHOT @ C:\Users\saiva\Desktop\Product-retail-management-main\eurekaserverapp\eurekaserverapp\pom.xml.
2024-09-02 13:25:32,314 [Worker-8: Download sources and javadoc] INFO  o.e.m.c.i.e.AbstractTransferListenerAdapter - Downloaded https://repo.maven.apache.org/maven2/org/springframework/cloud/spring-cloud-starter-gateway/4.1.5/spring-cloud-starter-gateway-4.1.5-javadoc.jar
2024-09-02 13:25:32,318 [Worker-8: Download sources and javadoc] INFO  o.e.m.j.internal.DownloadSourcesJob - Downloaded javadoc for org.springframework.cloud:spring-cloud-starter-gateway:4.1.5
2024-09-02 13:25:32,623 [Worker-2: Update Maven projects configuration] INFO  o.e.m.j.i.AbstractJavaProjectConfigurator - Adding source folder /eurekaserverapp/src/main/java
2024-09-02 13:25:32,624 [Worker-2: Update Maven projects configuration] INFO  o.e.m.j.i.AbstractJavaProjectConfigurator - Adding resource folder /eurekaserverapp/src/main/resources
2024-09-02 13:25:32,626 [Worker-2: Update Maven projects configuration] INFO  o.e.m.j.i.AbstractJavaProjectConfigurator - Adding resource folder /eurekaserverapp/src/main/resources
2024-09-02 13:25:32,630 [Worker-2: Update Maven projects configuration] INFO  o.e.m.j.i.AbstractJavaProjectConfigurator - Adding source folder /eurekaserverapp/src/test/java
2024-09-02 13:25:32,901 [Worker-4: Building] INFO  o.a.m.s.f.DefaultMavenResourcesFiltering - Copying 1 resource from src\main\resources to target\classes
2024-09-02 13:25:32,919 [Worker-4: Building] INFO  o.a.m.s.f.DefaultMavenResourcesFiltering - Copying 0 resource from src\main\resources to target\classes
2024-09-02 13:25:32,924 [Worker-4: Building] INFO  o.a.m.s.f.DefaultMavenResourcesFiltering - skip non existing resourceDirectory C:\Users\saiva\Desktop\Product-retail-management-main\eurekaserverapp\eurekaserverapp\src\test\resources
2024-09-02 13:25:33,309 [Worker-2: Update Maven projects configuration] INFO  o.e.m.j.i.AbstractJavaProjectConfigurator - Adding source folder /product-micro/src/main/java
2024-09-02 13:25:33,310 [Worker-2: Update Maven projects configuration] INFO  o.e.m.j.i.AbstractJavaProjectConfigurator - Adding resource folder /product-micro/src/main/resources
2024-09-02 13:25:33,319 [Worker-2: Update Maven projects configuration] INFO  o.e.m.j.i.AbstractJavaProjectConfigurator - Adding resource folder /product-micro/src/main/resources
2024-09-02 13:25:33,324 [Worker-2: Update Maven projects configuration] INFO  o.e.m.j.i.AbstractJavaProjectConfigurator - Adding source folder /product-micro/src/test/java
2024-09-02 13:25:34,299 [Worker-18: Updating Maven Dependencies] INFO  o.e.m.c.i.l.LifecycleMappingFactory - Using org.eclipse.m2e.jdt.JarLifecycleMapping lifecycle mapping for MavenProject: com.customerms:customer-micro:0.0.1-SNAPSHOT @ C:\Users\saiva\Desktop\Product-retail-management-main\customer-micro\customer-micro\pom.xml.
2024-09-02 13:25:34,456 [Worker-10: Building] INFO  o.a.m.s.f.DefaultMavenResourcesFiltering - Copying 0 resource from src\main\resources to target\classes
2024-09-02 13:25:34,457 [Worker-10: Building] INFO  o.a.m.s.f.DefaultMavenResourcesFiltering - Copying 0 resource from src\main\resources to target\classes
2024-09-02 13:25:34,459 [Worker-10: Building] INFO  o.a.m.s.f.DefaultMavenResourcesFiltering - skip non existing resourceDirectory C:\Users\saiva\Desktop\Product-retail-management-main\eurekaserverapp\eurekaserverapp\src\test\resources
2024-09-02 13:25:34,476 [Worker-10: Building] INFO  o.a.m.s.f.DefaultMavenResourcesFiltering - Copying 1 resource from src\main\resources to target\classes
2024-09-02 13:25:34,481 [Worker-10: Building] INFO  o.a.m.s.f.DefaultMavenResourcesFiltering - Copying 0 resource from src\main\resources to target\classes
2024-09-02 13:25:34,485 [Worker-10: Building] INFO  o.a.m.s.f.DefaultMavenResourcesFiltering - skip non existing resourceDirectory C:\Users\saiva\Desktop\Product-retail-management-main\product-micro\product-micro\src\test\resources
2024-09-02 13:25:34,894 [Worker-2: Update Maven projects configuration] INFO  o.e.m.j.i.AbstractJavaProjectConfigurator - Adding source folder /apigatewayapp/src/main/java
2024-09-02 13:25:34,894 [Worker-2: Update Maven projects configuration] INFO  o.e.m.j.i.AbstractJavaProjectConfigurator - Adding resource folder /apigatewayapp/src/main/resources
2024-09-02 13:25:34,904 [Worker-2: Update Maven projects configuration] INFO  o.e.m.j.i.AbstractJavaProjectConfigurator - Adding resource folder /apigatewayapp/src/main/resources
2024-09-02 13:25:34,914 [Worker-2: Update Maven projects configuration] INFO  o.e.m.j.i.AbstractJavaProjectConfigurator - Adding source folder /apigatewayapp/src/test/java
2024-09-02 13:25:35,133 [Worker-18: Updating Maven Dependencies] INFO  o.e.m.c.i.p.WorkspaceClassifierResolverManager - Resolving P/product-micro: com.productms:product-micro:0.0.1-SNAPSHOT with classifier  to /product-micro/target/classes
2024-09-02 13:25:35,393 [Worker-8: Download sources and javadoc] INFO  o.e.m.c.i.e.AbstractTransferListenerAdapter - Downloaded https://repo.maven.apache.org/maven2/io/netty/netty-resolver-dns-native-macos/4.1.111.Final/netty-resolver-dns-native-macos-4.1.111.Final-javadoc.jar
2024-09-02 13:25:35,407 [Worker-8: Download sources and javadoc] ERROR o.e.m.j.internal.DownloadSourcesJob - Could not download javadoc for io.netty:netty-resolver-dns-native-macos:4.1.111.Finalosx-x86_64
org.eclipse.core.runtime.CoreException: Could not resolve artifact io.netty:netty-resolver-dns-native-macos:jar:javadoc:4.1.111.Final
	at org.eclipse.m2e.core.internal.embedder.MavenImpl.lambda$6(MavenImpl.java:608) ~[na:na]
	at org.eclipse.m2e.core.internal.embedder.MavenExecutionContext.executeBare(MavenExecutionContext.java:350) ~[na:na]
	at org.eclipse.m2e.core.internal.embedder.MavenExecutionContext.execute(MavenExecutionContext.java:219) ~[na:na]
	at org.eclipse.m2e.core.internal.embedder.MavenExecutionContext.execute(MavenExecutionContext.java:205) ~[na:na]
	at org.eclipse.m2e.core.internal.embedder.MavenImpl.resolve(MavenImpl.java:577) ~[na:na]
	at org.eclipse.m2e.core.internal.embedder.MavenImpl.resolve(MavenImpl.java:562) ~[na:na]
	at org.eclipse.m2e.jdt.internal.DownloadSourcesJob.download(DownloadSourcesJob.java:308) ~[na:na]
	at org.eclipse.m2e.jdt.internal.DownloadSourcesJob.downloadAttachments(DownloadSourcesJob.java:294) ~[na:na]
	at org.eclipse.m2e.jdt.internal.DownloadSourcesJob.downloadMaven(DownloadSourcesJob.java:252) ~[na:na]
	at org.eclipse.m2e.jdt.internal.DownloadSourcesJob.downloadFilesAndPopulateToUpdate(DownloadSourcesJob.java:220) ~[na:na]
	at org.eclipse.m2e.jdt.internal.DownloadSourcesJob.lambda$0(DownloadSourcesJob.java:149) ~[na:na]
	at org.eclipse.m2e.core.internal.embedder.MavenExecutionContext.executeBare(MavenExecutionContext.java:350) ~[na:na]
	at org.eclipse.m2e.core.internal.embedder.MavenExecutionContext.execute(MavenExecutionContext.java:262) ~[na:na]
	at org.eclipse.m2e.core.internal.embedder.MavenExecutionContext.execute(MavenExecutionContext.java:205) ~[na:na]
	at org.eclipse.m2e.core.embedder.IMaven.execute(IMaven.java:270) ~[na:na]
	at org.eclipse.m2e.jdt.internal.DownloadSourcesJob.run(DownloadSourcesJob.java:149) ~[na:na]
	at org.eclipse.core.internal.jobs.Worker.run(Worker.java:63) ~[org.eclipse.core.jobs_3.13.100.v20220817-1539.jar:na]
2024-09-02 13:25:35,415 [Worker-8: Download sources and javadoc] ERROR o.e.m.j.internal.DownloadSourcesJob - Could not download javadoc for com.productms:product-micro:0.0.1-SNAPSHOT
org.eclipse.core.runtime.CoreException: Could not resolve artifact com.productms:product-micro:jar:javadoc:0.0.1-SNAPSHOT
	at org.eclipse.m2e.core.internal.embedder.MavenImpl.lambda$6(MavenImpl.java:608) ~[na:na]
	at org.eclipse.m2e.core.internal.embedder.MavenExecutionContext.executeBare(MavenExecutionContext.java:350) ~[na:na]
	at org.eclipse.m2e.core.internal.embedder.MavenExecutionContext.execute(MavenExecutionContext.java:219) ~[na:na]
	at org.eclipse.m2e.core.internal.embedder.MavenExecutionContext.execute(MavenExecutionContext.java:205) ~[na:na]
	at org.eclipse.m2e.core.internal.embedder.MavenImpl.resolve(MavenImpl.java:577) ~[na:na]
	at org.eclipse.m2e.core.internal.embedder.MavenImpl.resolve(MavenImpl.java:562) ~[na:na]
	at org.eclipse.m2e.jdt.internal.DownloadSourcesJob.download(DownloadSourcesJob.java:308) ~[na:na]
	at org.eclipse.m2e.jdt.internal.DownloadSourcesJob.downloadAttachments(DownloadSourcesJob.java:294) ~[na:na]
	at org.eclipse.m2e.jdt.internal.DownloadSourcesJob.downloadMaven(DownloadSourcesJob.java:252) ~[na:na]
	at org.eclipse.m2e.jdt.internal.DownloadSourcesJob.downloadFilesAndPopulateToUpdate(DownloadSourcesJob.java:220) ~[na:na]
	at org.eclipse.m2e.jdt.internal.DownloadSourcesJob.lambda$0(DownloadSourcesJob.java:149) ~[na:na]
	at org.eclipse.m2e.core.internal.embedder.MavenExecutionContext.executeBare(MavenExecutionContext.java:350) ~[na:na]
	at org.eclipse.m2e.core.internal.embedder.MavenExecutionContext.execute(MavenExecutionContext.java:262) ~[na:na]
	at org.eclipse.m2e.core.internal.embedder.MavenExecutionContext.execute(MavenExecutionContext.java:205) ~[na:na]
	at org.eclipse.m2e.core.embedder.IMaven.execute(IMaven.java:270) ~[na:na]
	at org.eclipse.m2e.jdt.internal.DownloadSourcesJob.run(DownloadSourcesJob.java:149) ~[na:na]
	at org.eclipse.core.internal.jobs.Worker.run(Worker.java:63) ~[org.eclipse.core.jobs_3.13.100.v20220817-1539.jar:na]
2024-09-02 13:25:36,440 [Worker-8: Building] INFO  o.a.m.s.f.DefaultMavenResourcesFiltering - Copying 1 resource from src\main\resources to target\classes
2024-09-02 13:25:36,445 [Worker-8: Building] INFO  o.a.m.s.f.DefaultMavenResourcesFiltering - Copying 0 resource from src\main\resources to target\classes
2024-09-02 13:25:36,449 [Worker-8: Building] INFO  o.a.m.s.f.DefaultMavenResourcesFiltering - skip non existing resourceDirectory C:\Users\saiva\Desktop\Product-retail-management-main\apigatewayapp\apigatewayapp\src\test\resources
2024-09-02 13:25:36,478 [Worker-8: Building] INFO  o.a.m.s.f.DefaultMavenResourcesFiltering - Copying 0 resource from src\main\resources to target\classes
2024-09-02 13:25:36,478 [Worker-8: Building] INFO  o.a.m.s.f.DefaultMavenResourcesFiltering - Copying 0 resource from src\main\resources to target\classes
2024-09-02 13:25:36,481 [Worker-8: Building] INFO  o.a.m.s.f.DefaultMavenResourcesFiltering - skip non existing resourceDirectory C:\Users\saiva\Desktop\Product-retail-management-main\product-micro\product-micro\src\test\resources
2024-09-02 13:25:36,810 [Worker-2: Update Maven projects configuration] INFO  o.e.m.j.i.AbstractJavaProjectConfigurator - Adding source folder /customer-micro/src/main/java
2024-09-02 13:25:36,810 [Worker-2: Update Maven projects configuration] INFO  o.e.m.j.i.AbstractJavaProjectConfigurator - Adding resource folder /customer-micro/src/main/resources
2024-09-02 13:25:36,819 [Worker-2: Update Maven projects configuration] INFO  o.e.m.j.i.AbstractJavaProjectConfigurator - Adding resource folder /customer-micro/src/main/resources
2024-09-02 13:25:36,824 [Worker-2: Update Maven projects configuration] INFO  o.e.m.j.i.AbstractJavaProjectConfigurator - Adding source folder /customer-micro/src/test/java
2024-09-02 13:25:37,526 [Worker-11: Building] INFO  o.a.m.s.f.DefaultMavenResourcesFiltering - Copying 0 resource from src\main\resources to target\classes
2024-09-02 13:25:37,526 [Worker-11: Building] INFO  o.a.m.s.f.DefaultMavenResourcesFiltering - Copying 0 resource from src\main\resources to target\classes
2024-09-02 13:25:37,529 [Worker-11: Building] INFO  o.a.m.s.f.DefaultMavenResourcesFiltering - skip non existing resourceDirectory C:\Users\saiva\Desktop\Product-retail-management-main\apigatewayapp\apigatewayapp\src\test\resources
2024-09-02 13:25:37,543 [Worker-11: Building] INFO  o.a.m.s.f.DefaultMavenResourcesFiltering - Copying 1 resource from src\main\resources to target\classes
2024-09-02 13:25:37,547 [Worker-11: Building] INFO  o.a.m.s.f.DefaultMavenResourcesFiltering - Copying 0 resource from src\main\resources to target\classes
2024-09-02 13:25:37,550 [Worker-11: Building] INFO  o.a.m.s.f.DefaultMavenResourcesFiltering - skip non existing resourceDirectory C:\Users\saiva\Desktop\Product-retail-management-main\customer-micro\customer-micro\src\test\resources
2024-09-02 13:25:37,789 [Worker-2: Update Maven projects configuration] INFO  o.e.m.c.i.p.ProjectConfigurationManager - Update completed: 8 sec
2024-09-02 13:25:38,702 [Worker-0: Building] INFO  o.a.m.s.f.DefaultMavenResourcesFiltering - Copying 0 resource from src\main\resources to target\classes
2024-09-02 13:25:38,724 [Worker-0: Building] INFO  o.a.m.s.f.DefaultMavenResourcesFiltering - Copying 0 resource from src\main\resources to target\classes
2024-09-02 13:25:38,847 [Worker-0: Building] INFO  o.a.m.s.f.DefaultMavenResourcesFiltering - skip non existing resourceDirectory C:\Users\saiva\Desktop\Product-retail-management-main\customer-micro\customer-micro\src\test\resources
2024-09-02 13:27:31,555 [Worker-13: Building] INFO  o.e.m.c.i.l.LifecycleMappingFactory - Using org.eclipse.m2e.jdt.JarLifecycleMapping lifecycle mapping for MavenProject: com.productms:product-micro:0.0.1-SNAPSHOT @ C:\Users\saiva\Desktop\Product-retail-management-main\product-micro\product-micro\pom.xml.
2024-09-02 13:27:32,268 [Worker-13: Building] INFO  o.a.m.s.f.DefaultMavenResourcesFiltering - Copying 0 resource from src\main\resources to target\classes
2024-09-02 13:27:32,268 [Worker-13: Building] INFO  o.a.m.s.f.DefaultMavenResourcesFiltering - Copying 0 resource from src\main\resources to target\classes
2024-09-02 13:27:32,272 [Worker-13: Building] INFO  o.a.m.s.f.DefaultMavenResourcesFiltering - skip non existing resourceDirectory C:\Users\saiva\Desktop\Product-retail-management-main\product-micro\product-micro\src\test\resources
2024-09-02 13:30:11,557 [Worker-19: Building] INFO  o.e.m.c.i.l.LifecycleMappingFactory - Using org.eclipse.m2e.jdt.JarLifecycleMapping lifecycle mapping for MavenProject: com.productms:product-micro:0.0.1-SNAPSHOT @ C:\Users\saiva\Desktop\Product-retail-management-main\product-micro\product-micro\pom.xml.
2024-09-02 13:30:12,152 [Worker-19: Building] INFO  o.a.m.s.f.DefaultMavenResourcesFiltering - Copying 0 resource from src\main\resources to target\classes
2024-09-02 13:30:12,153 [Worker-19: Building] INFO  o.a.m.s.f.DefaultMavenResourcesFiltering - Copying 0 resource from src\main\resources to target\classes
2024-09-02 13:30:12,158 [Worker-19: Building] INFO  o.a.m.s.f.DefaultMavenResourcesFiltering - skip non existing resourceDirectory C:\Users\saiva\Desktop\Product-retail-management-main\product-micro\product-micro\src\test\resources
2024-09-02 13:30:27,660 [Worker-19: Building] INFO  o.e.m.c.i.l.LifecycleMappingFactory - Using org.eclipse.m2e.jdt.JarLifecycleMapping lifecycle mapping for MavenProject: com.customerms:customer-micro:0.0.1-SNAPSHOT @ C:\Users\saiva\Desktop\Product-retail-management-main\customer-micro\customer-micro\pom.xml.
2024-09-02 13:30:28,087 [Worker-19: Building] INFO  o.e.m.c.i.p.WorkspaceClassifierResolverManager - Resolving P/product-micro: com.productms:product-micro:0.0.1-SNAPSHOT with classifier  to /product-micro/target/classes
2024-09-02 13:30:28,326 [Worker-19: Building] INFO  o.a.m.s.f.DefaultMavenResourcesFiltering - Copying 0 resource from src\main\resources to target\classes
2024-09-02 13:30:28,326 [Worker-19: Building] INFO  o.a.m.s.f.DefaultMavenResourcesFiltering - Copying 0 resource from src\main\resources to target\classes
2024-09-02 13:30:28,329 [Worker-19: Building] INFO  o.a.m.s.f.DefaultMavenResourcesFiltering - skip non existing resourceDirectory C:\Users\saiva\Desktop\Product-retail-management-main\customer-micro\customer-micro\src\test\resources
2024-09-02 13:30:37,002 [Worker-19: Launching CustomerMicroApplication] INFO  o.e.m.c.i.p.WorkspaceClassifierResolverManager - Resolving P/product-micro: com.productms:product-micro:0.0.1-SNAPSHOT with classifier null to /product-micro/target/classes
2024-09-02 13:30:37,258 [Worker-19: Launching CustomerMicroApplication] INFO  o.e.m.c.i.p.WorkspaceClassifierResolverManager - Resolving P/product-micro: com.productms:product-micro:0.0.1-SNAPSHOT with classifier null to /product-micro/target/classes
2024-09-02 13:30:37,421 [Worker-19: Launching CustomerMicroApplication] INFO  o.e.m.c.i.p.WorkspaceClassifierResolverManager - Resolving P/product-micro: com.productms:product-micro:0.0.1-SNAPSHOT with classifier null to /product-micro/target/classes
2024-09-02 13:30:50,312 [Worker-19: Building] INFO  o.e.m.c.i.l.LifecycleMappingFactory - Using org.eclipse.m2e.jdt.JarLifecycleMapping lifecycle mapping for MavenProject: com.customerms:customer-micro:0.0.1-SNAPSHOT @ C:\Users\saiva\Desktop\Product-retail-management-main\customer-micro\customer-micro\pom.xml.
2024-09-02 13:30:50,684 [Worker-19: Building] INFO  o.e.m.c.i.p.WorkspaceClassifierResolverManager - Resolving P/product-micro: com.productms:product-micro:0.0.1-SNAPSHOT with classifier  to /product-micro/target/classes
2024-09-02 13:30:50,968 [Worker-19: Building] INFO  o.a.m.s.f.DefaultMavenResourcesFiltering - Copying 0 resource from src\main\resources to target\classes
2024-09-02 13:30:50,968 [Worker-19: Building] INFO  o.a.m.s.f.DefaultMavenResourcesFiltering - Copying 0 resource from src\main\resources to target\classes
2024-09-02 13:30:50,972 [Worker-19: Building] INFO  o.a.m.s.f.DefaultMavenResourcesFiltering - skip non existing resourceDirectory C:\Users\saiva\Desktop\Product-retail-management-main\customer-micro\customer-micro\src\test\resources
2024-09-02 13:31:00,540 [Worker-19: Building] INFO  o.e.m.c.i.l.LifecycleMappingFactory - Using org.eclipse.m2e.jdt.JarLifecycleMapping lifecycle mapping for MavenProject: com.productms:product-micro:0.0.1-SNAPSHOT @ C:\Users\saiva\Desktop\Product-retail-management-main\product-micro\product-micro\pom.xml.
2024-09-02 13:31:01,135 [Worker-19: Building] INFO  o.a.m.s.f.DefaultMavenResourcesFiltering - Copying 0 resource from src\main\resources to target\classes
2024-09-02 13:31:01,135 [Worker-19: Building] INFO  o.a.m.s.f.DefaultMavenResourcesFiltering - Copying 0 resource from src\main\resources to target\classes
2024-09-02 13:31:01,140 [Worker-19: Building] INFO  o.a.m.s.f.DefaultMavenResourcesFiltering - skip non existing resourceDirectory C:\Users\saiva\Desktop\Product-retail-management-main\product-micro\product-micro\src\test\resources
2024-09-02 13:43:58,022 [main] INFO  o.e.m2e.actions.ExecutePomAction - Creating new launch configuration
2024-09-02 13:47:13,319 [Worker-26: Updating Maven Project] INFO  o.e.m.c.i.p.ProjectConfigurationManager - Update started
2024-09-02 13:47:13,822 [Worker-26: Updating Maven Project] INFO  o.e.m.c.i.l.LifecycleMappingFactory - Using org.eclipse.m2e.jdt.JarLifecycleMapping lifecycle mapping for MavenProject: com.customerms:customer-micro:0.0.1-SNAPSHOT @ C:\Users\saiva\Desktop\Product-retail-management-main\customer-micro\customer-micro\pom.xml.
2024-09-02 13:47:14,169 [Worker-26: Updating Maven Project] INFO  o.e.m.c.i.p.WorkspaceClassifierResolverManager - Resolving P/product-micro: com.productms:product-micro:0.0.1-SNAPSHOT with classifier  to /product-micro/target/classes
2024-09-02 13:47:14,203 [Worker-26: Updating Maven Project] INFO  o.e.m.c.i.l.LifecycleMappingFactory - Using org.eclipse.m2e.jdt.JarLifecycleMapping lifecycle mapping for MavenProject: com.productms:product-micro:0.0.1-SNAPSHOT @ C:\Users\saiva\Desktop\Product-retail-management-main\product-micro\product-micro\pom.xml.
2024-09-02 13:47:14,261 [Worker-26: Updating Maven Project] INFO  o.e.m.c.i.l.LifecycleMappingFactory - Using org.eclipse.m2e.jdt.JarLifecycleMapping lifecycle mapping for MavenProject: com.project:apigatewayapp:0.0.1-SNAPSHOT @ C:\Users\saiva\Desktop\Product-retail-management-main\apigatewayapp\apigatewayapp\pom.xml.
2024-09-02 13:47:14,360 [Worker-26: Updating Maven Project] INFO  o.e.m.c.i.l.LifecycleMappingFactory - Using org.eclipse.m2e.jdt.JarLifecycleMapping lifecycle mapping for MavenProject: com.example:eurekaserverapp:0.0.1-SNAPSHOT @ C:\Users\saiva\Desktop\Product-retail-management-main\eurekaserverapp\eurekaserverapp\pom.xml.
2024-09-02 13:47:15,412 [Worker-26: Updating Maven Project] INFO  o.e.m.j.i.AbstractJavaProjectConfigurator - Adding source folder /apigatewayapp/src/main/java
2024-09-02 13:47:15,412 [Worker-26: Updating Maven Project] INFO  o.e.m.j.i.AbstractJavaProjectConfigurator - Adding resource folder /apigatewayapp/src/main/resources
2024-09-02 13:47:15,412 [Worker-26: Updating Maven Project] INFO  o.e.m.j.i.AbstractJavaProjectConfigurator - Adding resource folder /apigatewayapp/src/main/resources
2024-09-02 13:47:15,413 [Worker-26: Updating Maven Project] INFO  o.e.m.j.i.AbstractJavaProjectConfigurator - Adding source folder /apigatewayapp/src/test/java
2024-09-02 13:47:15,589 [Worker-26: Updating Maven Project] INFO  o.e.m.j.i.AbstractJavaProjectConfigurator - Adding source folder /customer-micro/src/main/java
2024-09-02 13:47:15,589 [Worker-26: Updating Maven Project] INFO  o.e.m.j.i.AbstractJavaProjectConfigurator - Adding resource folder /customer-micro/src/main/resources
2024-09-02 13:47:15,590 [Worker-26: Updating Maven Project] INFO  o.e.m.j.i.AbstractJavaProjectConfigurator - Adding resource folder /customer-micro/src/main/resources
2024-09-02 13:47:15,590 [Worker-26: Updating Maven Project] INFO  o.e.m.j.i.AbstractJavaProjectConfigurator - Adding source folder /customer-micro/src/test/java
2024-09-02 13:47:15,784 [Worker-26: Updating Maven Project] INFO  o.e.m.j.i.AbstractJavaProjectConfigurator - Adding source folder /eurekaserverapp/src/main/java
2024-09-02 13:47:15,784 [Worker-26: Updating Maven Project] INFO  o.e.m.j.i.AbstractJavaProjectConfigurator - Adding resource folder /eurekaserverapp/src/main/resources
2024-09-02 13:47:15,784 [Worker-26: Updating Maven Project] INFO  o.e.m.j.i.AbstractJavaProjectConfigurator - Adding resource folder /eurekaserverapp/src/main/resources
2024-09-02 13:47:15,784 [Worker-26: Updating Maven Project] INFO  o.e.m.j.i.AbstractJavaProjectConfigurator - Adding source folder /eurekaserverapp/src/test/java
2024-09-02 13:47:16,030 [Worker-26: Updating Maven Project] INFO  o.e.m.j.i.AbstractJavaProjectConfigurator - Adding source folder /product-micro/src/main/java
2024-09-02 13:47:16,030 [Worker-26: Updating Maven Project] INFO  o.e.m.j.i.AbstractJavaProjectConfigurator - Adding resource folder /product-micro/src/main/resources
2024-09-02 13:47:16,030 [Worker-26: Updating Maven Project] INFO  o.e.m.j.i.AbstractJavaProjectConfigurator - Adding resource folder /product-micro/src/main/resources
2024-09-02 13:47:16,031 [Worker-26: Updating Maven Project] INFO  o.e.m.j.i.AbstractJavaProjectConfigurator - Adding source folder /product-micro/src/test/java
2024-09-02 13:47:16,592 [Worker-26: Updating Maven Project] INFO  o.e.m.c.i.p.ProjectConfigurationManager - Update completed: 3 sec
2024-09-02 13:47:16,767 [Worker-26: Building] INFO  o.a.m.s.f.DefaultMavenResourcesFiltering - Copying 1 resource from src\main\resources to target\classes
2024-09-02 13:47:16,790 [Worker-26: Building] INFO  o.a.m.s.f.DefaultMavenResourcesFiltering - Copying 0 resource from src\main\resources to target\classes
2024-09-02 13:47:16,794 [Worker-26: Building] INFO  o.a.m.s.f.DefaultMavenResourcesFiltering - skip non existing resourceDirectory C:\Users\saiva\Desktop\Product-retail-management-main\apigatewayapp\apigatewayapp\src\test\resources
2024-09-02 13:47:17,018 [Worker-26: Building] INFO  o.a.m.s.f.DefaultMavenResourcesFiltering - Copying 1 resource from src\main\resources to target\classes
2024-09-02 13:47:17,021 [Worker-26: Building] INFO  o.a.m.s.f.DefaultMavenResourcesFiltering - Copying 0 resource from src\main\resources to target\classes
2024-09-02 13:47:17,026 [Worker-26: Building] INFO  o.a.m.s.f.DefaultMavenResourcesFiltering - skip non existing resourceDirectory C:\Users\saiva\Desktop\Product-retail-management-main\customer-micro\customer-micro\src\test\resources
2024-09-02 13:47:17,070 [Worker-26: Building] INFO  o.a.m.s.f.DefaultMavenResourcesFiltering - Copying 1 resource from src\main\resources to target\classes
2024-09-02 13:47:17,072 [Worker-26: Building] INFO  o.a.m.s.f.DefaultMavenResourcesFiltering - Copying 0 resource from src\main\resources to target\classes
2024-09-02 13:47:17,074 [Worker-26: Building] INFO  o.a.m.s.f.DefaultMavenResourcesFiltering - skip non existing resourceDirectory C:\Users\saiva\Desktop\Product-retail-management-main\eurekaserverapp\eurekaserverapp\src\test\resources
2024-09-02 13:47:17,095 [Worker-26: Building] INFO  o.a.m.s.f.DefaultMavenResourcesFiltering - Copying 1 resource from src\main\resources to target\classes
2024-09-02 13:47:17,098 [Worker-26: Building] INFO  o.a.m.s.f.DefaultMavenResourcesFiltering - Copying 0 resource from src\main\resources to target\classes
2024-09-02 13:47:17,103 [Worker-26: Building] INFO  o.a.m.s.f.DefaultMavenResourcesFiltering - skip non existing resourceDirectory C:\Users\saiva\Desktop\Product-retail-management-main\product-micro\product-micro\src\test\resources
2024-09-02 13:48:01,265 [Worker-32: Building] INFO  o.a.m.s.f.DefaultMavenResourcesFiltering - Copying 0 resource from src\main\resources to target\classes
2024-09-02 13:48:01,266 [Worker-32: Building] INFO  o.a.m.s.f.DefaultMavenResourcesFiltering - Copying 0 resource from src\main\resources to target\classes
2024-09-02 13:48:01,267 [Worker-32: Building] INFO  o.a.m.s.f.DefaultMavenResourcesFiltering - skip non existing resourceDirectory C:\Users\saiva\Desktop\Product-retail-management-main\apigatewayapp\apigatewayapp\src\test\resources
2024-09-02 13:48:01,274 [Worker-32: Building] INFO  o.a.m.s.f.DefaultMavenResourcesFiltering - Copying 0 resource from src\main\resources to target\classes
2024-09-02 13:48:01,275 [Worker-32: Building] INFO  o.a.m.s.f.DefaultMavenResourcesFiltering - Copying 0 resource from src\main\resources to target\classes
2024-09-02 13:48:01,277 [Worker-32: Building] INFO  o.a.m.s.f.DefaultMavenResourcesFiltering - skip non existing resourceDirectory C:\Users\saiva\Desktop\Product-retail-management-main\customer-micro\customer-micro\src\test\resources
2024-09-02 13:48:01,285 [Worker-32: Building] INFO  o.a.m.s.f.DefaultMavenResourcesFiltering - Copying 0 resource from src\main\resources to target\classes
2024-09-02 13:48:01,285 [Worker-32: Building] INFO  o.a.m.s.f.DefaultMavenResourcesFiltering - Copying 0 resource from src\main\resources to target\classes
2024-09-02 13:48:01,287 [Worker-32: Building] INFO  o.a.m.s.f.DefaultMavenResourcesFiltering - skip non existing resourceDirectory C:\Users\saiva\Desktop\Product-retail-management-main\eurekaserverapp\eurekaserverapp\src\test\resources
2024-09-02 13:48:01,295 [Worker-32: Building] INFO  o.a.m.s.f.DefaultMavenResourcesFiltering - Copying 0 resource from src\main\resources to target\classes
2024-09-02 13:48:01,295 [Worker-32: Building] INFO  o.a.m.s.f.DefaultMavenResourcesFiltering - Copying 0 resource from src\main\resources to target\classes
2024-09-02 13:48:01,299 [Worker-32: Building] INFO  o.a.m.s.f.DefaultMavenResourcesFiltering - skip non existing resourceDirectory C:\Users\saiva\Desktop\Product-retail-management-main\product-micro\product-micro\src\test\resources
2024-09-02 13:50:46,745 [Worker-6: Loading available Gradle versions] INFO  o.e.b.c.i.u.g.PublishedGradleVersions - Gradle version information cache is up-to-date. Trying to read.
2024-09-02 13:53:09,013 [Worker-12: Building] INFO  o.a.m.s.f.DefaultMavenResourcesFiltering - Copying 1 resource from src\main\resources to target\classes
2024-09-02 13:53:09,165 [Worker-12: Building] INFO  o.a.m.s.f.DefaultMavenResourcesFiltering - Copying 0 resource from src\main\resources to target\classes
2024-09-02 13:53:09,173 [Worker-12: Building] INFO  o.a.m.s.f.DefaultMavenResourcesFiltering - skip non existing resourceDirectory C:\Users\saiva\Desktop\Product-retail-management-main\product-micro\product-micro\src\test\resources
2024-09-02 14:03:40,034 [Worker-33: Auto share git projects] WARN  org.eclipse.jgit.util.FS - Cannot run program "\usr\bin\git" (in directory "\usr\bin"): CreateProcess error=2, The system cannot find the file specified
2024-09-02 14:03:41,439 [Worker-12: Updating Maven Dependencies] INFO  o.e.m.c.i.l.LifecycleMappingFactory - Using org.eclipse.m2e.jdt.JarLifecycleMapping lifecycle mapping for MavenProject: com.vardhan.spring:eurekha-seerver:0.0.1-SNAPSHOT @ C:\Users\saiva\Downloads\New folder\eurekha-seerver\pom.xml.
2024-09-02 14:03:41,488 [Worker-32: Building] INFO  o.e.m.c.i.l.LifecycleMappingFactory - Using org.eclipse.m2e.jdt.JarLifecycleMapping lifecycle mapping for MavenProject: com.vardhan.spring:eurekha-seerver:0.0.1-SNAPSHOT @ C:\Users\saiva\Downloads\New folder\eurekha-seerver\pom.xml.
2024-09-02 14:03:51,217 [Worker-32: Building] INFO  o.a.m.s.f.DefaultMavenResourcesFiltering - Copying 2 resources from src\main\resources to target\classes
2024-09-02 14:03:51,247 [Worker-32: Building] INFO  o.a.m.s.f.DefaultMavenResourcesFiltering - Copying 0 resource from src\main\resources to target\classes
2024-09-02 14:03:51,250 [Worker-32: Building] INFO  o.a.m.s.f.DefaultMavenResourcesFiltering - skip non existing resourceDirectory C:\Users\saiva\Downloads\New folder\eurekha-seerver\src\test\resources
2024-09-02 14:03:52,290 [Worker-29: Building] INFO  o.a.m.s.f.DefaultMavenResourcesFiltering - Copying 2 resources from src\main\resources to target\classes
2024-09-02 14:03:52,295 [Worker-29: Building] INFO  o.a.m.s.f.DefaultMavenResourcesFiltering - Copying 0 resource from src\main\resources to target\classes
2024-09-02 14:03:52,300 [Worker-29: Building] INFO  o.a.m.s.f.DefaultMavenResourcesFiltering - skip non existing resourceDirectory C:\Users\saiva\Downloads\New folder\eurekha-seerver\src\test\resources
2024-09-02 14:03:53,170 [Worker-34: Updating Maven Dependencies] INFO  o.e.m.c.i.l.LifecycleMappingFactory - Using org.eclipse.m2e.jdt.JarLifecycleMapping lifecycle mapping for MavenProject: com.vardhan.spring:eurekha-seerver:0.0.1-SNAPSHOT @ C:\Users\saiva\Downloads\New folder\eurekha-seerver\pom.xml.
2024-09-02 14:03:54,440 [Worker-12: Building] INFO  o.a.m.s.f.DefaultMavenResourcesFiltering - Copying 0 resource from src\main\resources to target\classes
2024-09-02 14:03:54,441 [Worker-12: Building] INFO  o.a.m.s.f.DefaultMavenResourcesFiltering - Copying 0 resource from src\main\resources to target\classes
2024-09-02 14:03:54,444 [Worker-12: Building] INFO  o.a.m.s.f.DefaultMavenResourcesFiltering - skip non existing resourceDirectory C:\Users\saiva\Downloads\New folder\eurekha-seerver\src\test\resources
2024-09-02 14:04:49,017 [Worker-31: Building] INFO  o.a.m.s.f.DefaultMavenResourcesFiltering - Copying 1 resource from src\main\resources to target\classes
2024-09-02 14:04:49,032 [Worker-31: Building] INFO  o.a.m.s.f.DefaultMavenResourcesFiltering - Copying 0 resource from src\main\resources to target\classes
2024-09-02 14:04:49,037 [Worker-31: Building] INFO  o.a.m.s.f.DefaultMavenResourcesFiltering - skip non existing resourceDirectory C:\Users\saiva\Downloads\New folder\eurekha-seerver\src\test\resources
2024-09-02 14:05:47,564 [Worker-12: Building] INFO  o.e.m.c.i.l.LifecycleMappingFactory - Using org.eclipse.m2e.jdt.JarLifecycleMapping lifecycle mapping for MavenProject: com.example.spring:eurekha-seerver:0.0.1-SNAPSHOT @ C:\Users\saiva\Downloads\New folder\eurekha-seerver\pom.xml.
2024-09-02 14:05:48,082 [Worker-12: Building] INFO  o.a.m.s.f.DefaultMavenResourcesFiltering - Copying 0 resource from src\main\resources to target\classes
2024-09-02 14:05:48,082 [Worker-12: Building] INFO  o.a.m.s.f.DefaultMavenResourcesFiltering - Copying 0 resource from src\main\resources to target\classes
2024-09-02 14:05:48,086 [Worker-12: Building] INFO  o.a.m.s.f.DefaultMavenResourcesFiltering - skip non existing resourceDirectory C:\Users\saiva\Downloads\New folder\eurekha-seerver\src\test\resources
2024-09-02 14:06:28,472 [Worker-31: Building] INFO  o.e.m.c.i.l.LifecycleMappingFactory - Using org.eclipse.m2e.jdt.JarLifecycleMapping lifecycle mapping for MavenProject: com.example.spring:eurekha-seerver:0.0.1-SNAPSHOT @ C:\Users\saiva\Downloads\New folder\eurekha-seerver\pom.xml.
2024-09-02 14:06:29,037 [Worker-31: Building] INFO  o.a.m.s.f.DefaultMavenResourcesFiltering - Copying 0 resource from src\main\resources to target\classes
2024-09-02 14:06:29,038 [Worker-31: Building] INFO  o.a.m.s.f.DefaultMavenResourcesFiltering - Copying 0 resource from src\main\resources to target\classes
2024-09-02 14:06:29,041 [Worker-31: Building] INFO  o.a.m.s.f.DefaultMavenResourcesFiltering - skip non existing resourceDirectory C:\Users\saiva\Downloads\New folder\eurekha-seerver\src\test\resources
2024-09-02 14:06:55,665 [Worker-33: Building] INFO  o.e.m.c.i.l.LifecycleMappingFactory - Using org.eclipse.m2e.jdt.JarLifecycleMapping lifecycle mapping for MavenProject: com.example.spring:eurekha-seerver:0.0.1-SNAPSHOT @ C:\Users\saiva\Downloads\New folder\eurekha-seerver\pom.xml.
2024-09-02 14:06:57,257 [Worker-33: Building] INFO  o.e.m.c.i.e.AbstractTransferListenerAdapter - Downloaded https://repo.maven.apache.org/maven2/org/springframework/cloud/spring-cloud-dependencies/${spring-cloud.version}/spring-cloud-dependencies-${spring-cloud.version}.pom
2024-09-02 14:06:57,263 [Worker-33: Building] WARN  o.e.m.c.i.embedder.EclipseLogger - The POM for org.springframework.cloud:spring-cloud-dependencies:pom:${spring-cloud.version} is missing, no dependency information available
2024-09-02 14:06:57,690 [Worker-33: Building] INFO  o.a.m.s.f.DefaultMavenResourcesFiltering - Copying 0 resource from src\main\resources to target\classes
2024-09-02 14:06:57,690 [Worker-33: Building] INFO  o.a.m.s.f.DefaultMavenResourcesFiltering - Copying 0 resource from src\main\resources to target\classes
2024-09-02 14:06:57,694 [Worker-33: Building] INFO  o.a.m.s.f.DefaultMavenResourcesFiltering - skip non existing resourceDirectory C:\Users\saiva\Downloads\New folder\eurekha-seerver\src\test\resources
2024-09-02 14:07:27,855 [Worker-31: Building] INFO  o.e.m.c.i.l.LifecycleMappingFactory - Using org.eclipse.m2e.jdt.JarLifecycleMapping lifecycle mapping for MavenProject: com.example.spring:eurekha-seerver:0.0.1-SNAPSHOT @ C:\Users\saiva\Downloads\New folder\eurekha-seerver\pom.xml.
2024-09-02 14:07:28,295 [Worker-31: Building] INFO  o.a.m.s.f.DefaultMavenResourcesFiltering - Copying 0 resource from src\main\resources to target\classes
2024-09-02 14:07:28,296 [Worker-31: Building] INFO  o.a.m.s.f.DefaultMavenResourcesFiltering - Copying 0 resource from src\main\resources to target\classes
2024-09-02 14:07:28,299 [Worker-31: Building] INFO  o.a.m.s.f.DefaultMavenResourcesFiltering - skip non existing resourceDirectory C:\Users\saiva\Downloads\New folder\eurekha-seerver\src\test\resources
2024-09-02 14:28:38,296 [Worker-38: Building] INFO  o.a.m.s.f.DefaultMavenResourcesFiltering - Copying 0 resource from src\main\resources to target\classes
2024-09-02 14:28:38,296 [Worker-38: Building] INFO  o.a.m.s.f.DefaultMavenResourcesFiltering - Copying 0 resource from src\main\resources to target\classes
2024-09-02 14:28:38,299 [Worker-38: Building] INFO  o.a.m.s.f.DefaultMavenResourcesFiltering - skip non existing resourceDirectory C:\Users\saiva\Downloads\New folder\eurekha-seerver\src\test\resources
2024-09-02 14:28:43,566 [Worker-39: Building] INFO  o.a.m.s.f.DefaultMavenResourcesFiltering - Copying 0 resource from src\main\resources to target\classes
2024-09-02 14:28:43,568 [Worker-39: Building] INFO  o.a.m.s.f.DefaultMavenResourcesFiltering - Copying 0 resource from src\main\resources to target\classes
2024-09-02 14:28:43,570 [Worker-39: Building] INFO  o.a.m.s.f.DefaultMavenResourcesFiltering - skip non existing resourceDirectory C:\Users\saiva\Downloads\New folder\eurekha-seerver\src\test\resources
2024-09-02 14:28:51,668 [Worker-38: Building] INFO  o.a.m.s.f.DefaultMavenResourcesFiltering - Copying 1 resource from src\main\resources to target\classes
2024-09-02 14:28:51,672 [Worker-38: Building] INFO  o.a.m.s.f.DefaultMavenResourcesFiltering - Copying 0 resource from src\main\resources to target\classes
2024-09-02 14:28:51,674 [Worker-38: Building] INFO  o.a.m.s.f.DefaultMavenResourcesFiltering - skip non existing resourceDirectory C:\Users\saiva\Desktop\Product-retail-management-main\apigatewayapp\apigatewayapp\src\test\resources
2024-09-02 14:29:36,003 [Worker-40: Building] INFO  o.e.m.c.i.p.WorkspaceClassifierResolverManager - Resolving P/product-micro: com.productms:product-micro:0.0.1-SNAPSHOT with classifier  to /product-micro/target/classes
2024-09-02 14:29:36,009 [Worker-40: Building] INFO  o.a.m.s.f.DefaultMavenResourcesFiltering - Copying 1 resource from src\main\resources to target\classes
2024-09-02 14:29:36,034 [Worker-40: Building] INFO  o.a.m.s.f.DefaultMavenResourcesFiltering - Copying 0 resource from src\main\resources to target\classes
2024-09-02 14:29:36,037 [Worker-40: Building] INFO  o.a.m.s.f.DefaultMavenResourcesFiltering - skip non existing resourceDirectory C:\Users\saiva\Desktop\Product-retail-management-main\customer-micro\customer-micro\src\test\resources
2024-09-02 14:30:05,615 [Worker-35: Building] INFO  o.a.m.s.f.DefaultMavenResourcesFiltering - Copying 1 resource from src\main\resources to target\classes
2024-09-02 14:30:05,617 [Worker-35: Building] INFO  o.a.m.s.f.DefaultMavenResourcesFiltering - Copying 0 resource from src\main\resources to target\classes
2024-09-02 14:30:05,619 [Worker-35: Building] INFO  o.a.m.s.f.DefaultMavenResourcesFiltering - skip non existing resourceDirectory C:\Users\saiva\Desktop\Product-retail-management-main\eurekaserverapp\eurekaserverapp\src\test\resources
2024-09-02 14:30:53,165 [Worker-40: Building] INFO  o.a.m.s.f.DefaultMavenResourcesFiltering - Copying 1 resource from src\main\resources to target\classes
2024-09-02 14:30:53,167 [Worker-40: Building] INFO  o.a.m.s.f.DefaultMavenResourcesFiltering - Copying 0 resource from src\main\resources to target\classes
2024-09-02 14:30:53,170 [Worker-40: Building] INFO  o.a.m.s.f.DefaultMavenResourcesFiltering - skip non existing resourceDirectory C:\Users\saiva\Desktop\Product-retail-management-main\product-micro\product-micro\src\test\resources
2024-09-02 14:30:53,369 [Worker-40: Building] INFO  o.a.m.s.f.DefaultMavenResourcesFiltering - Copying 1 resource from src\main\resources to target\classes
2024-09-02 14:30:53,371 [Worker-40: Building] INFO  o.a.m.s.f.DefaultMavenResourcesFiltering - Copying 0 resource from src\main\resources to target\classes
2024-09-02 14:30:53,375 [Worker-40: Building] INFO  o.a.m.s.f.DefaultMavenResourcesFiltering - skip non existing resourceDirectory C:\Users\saiva\Desktop\Product-retail-management-main\customer-micro\customer-micro\src\test\resources
2024-09-02 14:32:22,528 [Worker-41: Building] INFO  o.a.m.s.f.DefaultMavenResourcesFiltering - Copying 1 resource from src\main\resources to target\classes
2024-09-02 14:32:22,538 [Worker-41: Building] INFO  o.a.m.s.f.DefaultMavenResourcesFiltering - Copying 0 resource from src\main\resources to target\classes
2024-09-02 14:32:22,541 [Worker-41: Building] INFO  o.a.m.s.f.DefaultMavenResourcesFiltering - skip non existing resourceDirectory C:\Users\saiva\Desktop\Product-retail-management-main\customer-micro\customer-micro\src\test\resources
2024-09-02 14:33:15,045 [Worker-41: Building] INFO  o.a.m.s.f.DefaultMavenResourcesFiltering - Copying 1 resource from src\main\resources to target\classes
2024-09-02 14:33:15,047 [Worker-41: Building] INFO  o.a.m.s.f.DefaultMavenResourcesFiltering - Copying 0 resource from src\main\resources to target\classes
2024-09-02 14:33:15,049 [Worker-41: Building] INFO  o.a.m.s.f.DefaultMavenResourcesFiltering - skip non existing resourceDirectory C:\Users\saiva\Desktop\Product-retail-management-main\product-micro\product-micro\src\test\resources
2024-09-02 14:33:50,007 [Worker-40: Building] INFO  o.a.m.s.f.DefaultMavenResourcesFiltering - Copying 1 resource from src\main\resources to target\classes
2024-09-02 14:33:50,023 [Worker-40: Building] INFO  o.a.m.s.f.DefaultMavenResourcesFiltering - Copying 0 resource from src\main\resources to target\classes
2024-09-02 14:33:50,023 [Worker-40: Building] INFO  o.a.m.s.f.DefaultMavenResourcesFiltering - skip non existing resourceDirectory C:\Users\saiva\Desktop\Product-retail-management-main\product-micro\product-micro\src\test\resources
2024-09-02 14:34:03,854 [Worker-42: Building] INFO  o.a.m.s.f.DefaultMavenResourcesFiltering - Copying 1 resource from src\main\resources to target\classes
2024-09-02 14:34:03,857 [Worker-42: Building] INFO  o.a.m.s.f.DefaultMavenResourcesFiltering - Copying 0 resource from src\main\resources to target\classes
2024-09-02 14:34:03,858 [Worker-42: Building] INFO  o.a.m.s.f.DefaultMavenResourcesFiltering - skip non existing resourceDirectory C:\Users\saiva\Desktop\Product-retail-management-main\customer-micro\customer-micro\src\test\resources
2024-09-02 14:34:05,902 [Worker-40: Building] INFO  o.a.m.s.f.DefaultMavenResourcesFiltering - Copying 1 resource from src\main\resources to target\classes
2024-09-02 14:34:05,903 [Worker-40: Building] INFO  o.a.m.s.f.DefaultMavenResourcesFiltering - Copying 0 resource from src\main\resources to target\classes
2024-09-02 14:34:05,905 [Worker-40: Building] INFO  o.a.m.s.f.DefaultMavenResourcesFiltering - skip non existing resourceDirectory C:\Users\saiva\Desktop\Product-retail-management-main\customer-micro\customer-micro\src\test\resources
2024-09-02 14:34:14,255 [Worker-38: Launching CustomerMicroApplication] INFO  o.e.m.c.i.p.WorkspaceClassifierResolverManager - Resolving P/product-micro: com.productms:product-micro:0.0.1-SNAPSHOT with classifier null to /product-micro/target/classes
2024-09-02 14:34:14,357 [Worker-38: Launching CustomerMicroApplication] INFO  o.e.m.c.i.p.WorkspaceClassifierResolverManager - Resolving P/product-micro: com.productms:product-micro:0.0.1-SNAPSHOT with classifier null to /product-micro/target/classes
2024-09-02 14:34:14,460 [Worker-38: Launching CustomerMicroApplication] INFO  o.e.m.c.i.p.WorkspaceClassifierResolverManager - Resolving P/product-micro: com.productms:product-micro:0.0.1-SNAPSHOT with classifier null to /product-micro/target/classes
2024-09-02 14:35:46,207 [Worker-40: Building] INFO  o.a.m.s.f.DefaultMavenResourcesFiltering - Copying 1 resource from src\main\resources to target\classes
2024-09-02 14:35:46,216 [Worker-40: Building] INFO  o.a.m.s.f.DefaultMavenResourcesFiltering - Copying 0 resource from src\main\resources to target\classes
2024-09-02 14:35:46,218 [Worker-40: Building] INFO  o.a.m.s.f.DefaultMavenResourcesFiltering - skip non existing resourceDirectory C:\Users\saiva\Desktop\Product-retail-management-main\customer-micro\customer-micro\src\test\resources
2024-09-02 14:35:55,425 [Worker-41: Launching CustomerMicroApplication] INFO  o.e.m.c.i.p.WorkspaceClassifierResolverManager - Resolving P/product-micro: com.productms:product-micro:0.0.1-SNAPSHOT with classifier null to /product-micro/target/classes
2024-09-02 14:35:55,550 [Worker-41: Launching CustomerMicroApplication] INFO  o.e.m.c.i.p.WorkspaceClassifierResolverManager - Resolving P/product-micro: com.productms:product-micro:0.0.1-SNAPSHOT with classifier null to /product-micro/target/classes
2024-09-02 14:35:55,666 [Worker-41: Launching CustomerMicroApplication] INFO  o.e.m.c.i.p.WorkspaceClassifierResolverManager - Resolving P/product-micro: com.productms:product-micro:0.0.1-SNAPSHOT with classifier null to /product-micro/target/classes
2024-09-02 14:36:17,835 [Worker-40: Building] INFO  o.a.m.s.f.DefaultMavenResourcesFiltering - Copying 1 resource from src\main\resources to target\classes
2024-09-02 14:36:17,838 [Worker-40: Building] INFO  o.a.m.s.f.DefaultMavenResourcesFiltering - Copying 0 resource from src\main\resources to target\classes
2024-09-02 14:36:17,840 [Worker-40: Building] INFO  o.a.m.s.f.DefaultMavenResourcesFiltering - skip non existing resourceDirectory C:\Users\saiva\Desktop\Product-retail-management-main\product-micro\product-micro\src\test\resources
2024-09-02 14:39:49,744 [Worker-41: Building] INFO  o.a.m.s.f.DefaultMavenResourcesFiltering - Copying 1 resource from src\main\resources to target\classes
2024-09-02 14:39:49,753 [Worker-41: Building] INFO  o.a.m.s.f.DefaultMavenResourcesFiltering - Copying 0 resource from src\main\resources to target\classes
2024-09-02 14:39:49,755 [Worker-41: Building] INFO  o.a.m.s.f.DefaultMavenResourcesFiltering - skip non existing resourceDirectory C:\Users\saiva\Desktop\Product-retail-management-main\customer-micro\customer-micro\src\test\resources
2024-09-02 14:39:58,452 [Worker-43: Building] INFO  o.a.m.s.f.DefaultMavenResourcesFiltering - Copying 1 resource from src\main\resources to target\classes
2024-09-02 14:39:58,455 [Worker-43: Building] INFO  o.a.m.s.f.DefaultMavenResourcesFiltering - Copying 0 resource from src\main\resources to target\classes
2024-09-02 14:39:58,456 [Worker-43: Building] INFO  o.a.m.s.f.DefaultMavenResourcesFiltering - skip non existing resourceDirectory C:\Users\saiva\Desktop\Product-retail-management-main\product-micro\product-micro\src\test\resources
2024-09-02 15:03:23,754 [Worker-38: Building] INFO  o.a.m.s.f.DefaultMavenResourcesFiltering - Copying 1 resource from src\main\resources to target\classes
2024-09-02 15:03:23,757 [Worker-38: Building] INFO  o.a.m.s.f.DefaultMavenResourcesFiltering - Copying 0 resource from src\main\resources to target\classes
2024-09-02 15:03:23,759 [Worker-38: Building] INFO  o.a.m.s.f.DefaultMavenResourcesFiltering - skip non existing resourceDirectory C:\Users\saiva\Desktop\Product-retail-management-main\customer-micro\customer-micro\src\test\resources
